  Camera.cpp
C:\Users\pegra\OneDrive\Documents\School\CSE 167\HW4\cse167raytracer\Source\Camera.cpp(23,16): warning C4244: 'initializing': conversion from 'double' to 'float', possible loss of data
C:\Users\pegra\OneDrive\Documents\School\CSE 167\HW4\cse167raytracer\Source\Camera.cpp(24,16): warning C4244: 'initializing': conversion from 'double' to 'float', possible loss of data
C:\Users\pegra\OneDrive\Documents\School\CSE 167\HW4\cse167raytracer\Source\Camera.cpp(26,17): warning C4244: 'initializing': conversion from 'double' to 'float', possible loss of data
C:\Users\pegra\OneDrive\Documents\School\CSE 167\HW4\cse167raytracer\Source\Camera.cpp(27,16): warning C4244: 'initializing': conversion from 'double' to 'float', possible loss of data
C:\Users\pegra\OneDrive\Documents\School\CSE 167\HW4\cse167raytracer\Source\Camera.cpp(145,32): warning C4244: '=': conversion from 'double' to 'BYTE', possible loss of data
  main.cpp
  readfile.cpp
C:\Users\pegra\OneDrive\Documents\School\CSE 167\HW4\cse167raytracer\Source\readfile.cpp(124,73): warning C4244: 'argument': conversion from 'float' to 'const unsigned int', possible loss of data
C:\Users\pegra\OneDrive\Documents\School\CSE 167\HW4\cse167raytracer\Source\readfile.cpp(124,93): warning C4244: 'argument': conversion from 'float' to 'const unsigned int', possible loss of data
C:\Users\pegra\OneDrive\Documents\School\CSE 167\HW4\cse167raytracer\Source\readfile.cpp(124,113): warning C4244: 'argument': conversion from 'float' to 'const unsigned int', possible loss of data
C:\Users\pegra\OneDrive\Documents\School\CSE 167\HW4\cse167raytracer\Source\readfile.cpp(43,21): warning C4101: 'i': unreferenced local variable
  Generating Code...
Camera.obj : error LNK2019: unresolved external symbol "public: __thiscall Ray::~Ray(void)" (??1Ray@@QAE@XZ) referenced in function "public: class Intersection __thiscall Camera::Intersect(class Ray)" (?Intersect@Camera@@QAE?AVIntersection@@VRay@@@Z)
Camera.obj : error LNK2019: unresolved external symbol "public: __thiscall Sphere::~Sphere(void)" (??1Sphere@@QAE@XZ) referenced in function "public: class Intersection __thiscall Camera::sphereIntersect(class Ray,class Sphere)" (?sphereIntersect@Camera@@QAE?AVIntersection@@VRay@@VSphere@@@Z)
readfile.obj : error LNK2001: unresolved external symbol "public: __thiscall Sphere::~Sphere(void)" (??1Sphere@@QAE@XZ)
Camera.obj : error LNK2019: unresolved external symbol "public: __thiscall Triangle::~Triangle(void)" (??1Triangle@@QAE@XZ) referenced in function "public: class Intersection __thiscall Camera::triangleIntersect(class Ray,class Triangle)" (?triangleIntersect@Camera@@QAE?AVIntersection@@VRay@@VTriangle@@@Z)
readfile.obj : error LNK2001: unresolved external symbol "public: __thiscall Triangle::~Triangle(void)" (??1Triangle@@QAE@XZ)
Camera.obj : error LNK2019: unresolved external symbol "public: __thiscall Intersection::Intersection(void)" (??0Intersection@@QAE@XZ) referenced in function "public: class Intersection __thiscall Camera::Intersect(class Ray)" (?Intersect@Camera@@QAE?AVIntersection@@VRay@@@Z)
Camera.obj : error LNK2019: unresolved external symbol "public: __thiscall Intersection::~Intersection(void)" (??1Intersection@@QAE@XZ) referenced in function "public: class Intersection __thiscall Camera::Intersect(class Ray)" (?Intersect@Camera@@QAE?AVIntersection@@VRay@@@Z)
main.obj : error LNK2019: unresolved external symbol "public: __thiscall Camera::~Camera(void)" (??1Camera@@QAE@XZ) referenced in function "public: void * __thiscall Camera::`scalar deleting destructor'(unsigned int)" (??_GCamera@@QAEPAXI@Z)
readfile.obj : error LNK2001: unresolved external symbol "public: __thiscall Camera::~Camera(void)" (??1Camera@@QAE@XZ)
readfile.obj : error LNK2019: unresolved external symbol "public: __thiscall Scene::Scene(int,int)" (??0Scene@@QAE@HH@Z) referenced in function "class std::vector<class Camera,class std::allocator<class Camera> > __cdecl readmyfile(char const *)" (?readmyfile@@YA?AV?$vector@VCamera@@V?$allocator@VCamera@@@std@@@std@@PBD@Z)
readfile.obj : error LNK2019: unresolved external symbol "public: __thiscall Scene::~Scene(void)" (??1Scene@@QAE@XZ) referenced in function "class std::vector<class Camera,class std::allocator<class Camera> > __cdecl readmyfile(char const *)" (?readmyfile@@YA?AV?$vector@VCamera@@V?$allocator@VCamera@@@std@@@std@@PBD@Z)
C:\Users\pegra\OneDrive\Documents\School\CSE 167\HW4\cse167raytracer\Debug\raytracer.exe : fatal error LNK1120: 8 unresolved externals
